TN:
SF:script/DeployRocolor.s.sol
DA:9,55
FN:9,DeployRocolor.run
FNDA:55,DeployRocolor.run
DA:10,55
DA:11,55
DA:12,55
DA:13,55
FNF:1
FNH:1
LF:5
LH:5
BRF:0
BRH:0
end_of_record
TN:
SF:src/Rocolor.sol
DA:71,2
FN:71,Rocolor.receive
FNDA:2,Rocolor.receive
DA:72,2
DA:83,2
FN:83,Rocolor.fallback
FNDA:2,Rocolor.fallback
DA:84,2
DA:99,5
FN:99,Rocolor.withdraw
FNDA:5,Rocolor.withdraw
DA:101,4
DA:102,4
BRDA:102,0,0,1
DA:103,3
DA:104,3
BRDA:104,1,0,-
DA:105,3
DA:106,3
BRDA:106,2,0,-
DA:124,69
FN:124,Rocolor.mintColor
FNDA:69,Rocolor.mintColor
DA:125,69
BRDA:125,3,0,2
DA:126,67
DA:127,56
BRDA:127,4,0,-
DA:128,56
BRDA:128,5,0,3
DA:129,53
DA:145,21
FN:145,Rocolor.changeColorName
FNDA:21,Rocolor.changeColorName
DA:146,21
BRDA:146,6,0,2
DA:147,19
DA:148,8
BRDA:148,7,0,-
DA:149,8
DA:150,6
DA:166,16
FN:166,Rocolor.changeColorOwner
FNDA:16,Rocolor.changeColorOwner
DA:167,16
DA:168,5
BRDA:168,8,0,-
DA:169,5
DA:184,17
FN:184,Rocolor.burnColor
FNDA:17,Rocolor.burnColor
DA:185,17
DA:186,6
BRDA:186,9,0,-
DA:187,6
DA:188,4
DA:200,15
FN:200,Rocolor.getColorName
FNDA:15,Rocolor.getColorName
DA:201,15
DA:202,4
BRDA:202,10,0,-
DA:203,4
DA:216,15
FN:216,Rocolor.getColorOwner
FNDA:15,Rocolor.getColorOwner
DA:217,15
DA:218,4
BRDA:218,11,0,-
DA:219,4
DA:231,17
FN:231,Rocolor.getColorPrice
FNDA:17,Rocolor.getColorPrice
DA:232,17
DA:233,6
BRDA:233,12,0,-
DA:234,6
DA:253,15
FN:253,Rocolor.convertHexTripletToDecimal
FNDA:15,Rocolor.convertHexTripletToDecimal
DA:254,181
DA:255,181
BRDA:255,13,0,32
DA:256,149
DA:257,734
DA:258,734
DA:261,734
BRDA:261,14,0,399
BRDA:261,14,1,55
DA:262,399
DA:263,335
BRDA:263,15,0,269
BRDA:263,15,1,55
DA:264,269
DA:265,66
BRDA:265,16,0,11
BRDA:265,16,1,55
DA:266,11
DA:268,55
DA:270,679
DA:282,4
FN:282,Rocolor.convertDecimalToHexTriplet
FNDA:4,Rocolor.convertDecimalToHexTriplet
DA:283,5
BRDA:283,17,0,1
DA:284,4
DA:285,4
DA:286,24
DA:287,24
DA:289,24
DA:292,4
DA:302,2
FN:302,Rocolor.tokenURI
FNDA:2,Rocolor.tokenURI
DA:303,2
BRDA:303,18,0,1
DA:304,1
DA:305,1
DA:306,1
DA:307,1
DA:308,1
DA:309,1
DA:317,1
DA:337,53
FN:337,Rocolor._mintColor
FNDA:53,Rocolor._mintColor
DA:338,53
DA:339,50
DA:349,60
FN:349,Rocolor._changeColorName
FNDA:60,Rocolor._changeColorName
DA:350,60
DA:351,60
DA:352,60
DA:365,5
FN:365,Rocolor._changeColorOwner
FNDA:5,Rocolor._changeColorOwner
DA:366,5
DA:377,4
FN:377,Rocolor._burnColor
FNDA:4,Rocolor._burnColor
DA:378,4
DA:379,4
DA:389,5
FN:389,Rocolor._getColorName
FNDA:5,Rocolor._getColorName
DA:390,5
DA:400,4
FN:400,Rocolor._getColorOwner
FNDA:4,Rocolor._getColorOwner
DA:401,4
DA:415,62
FN:415,Rocolor._getColorPrice
FNDA:62,Rocolor._getColorPrice
DA:417,62
DA:418,62
BRDA:418,19,0,5
BRDA:418,19,1,57
DA:420,5
DA:422,57
DA:423,53
DA:424,4
BRDA:424,20,0,4
DA:426,4
DA:428,62
DA:438,14
FN:438,Rocolor._allowOnlyColorOwner
FNDA:14,Rocolor._allowOnlyColorOwner
DA:439,14
DA:440,12
BRDA:440,21,0,2
FNF:21
FNH:21
LF:103
LH:103
BRF:26
BRH:17
end_of_record
TN:
SF:test/RocolorTestHelpers.sol
DA:33,0
FN:33,RocolorTestHelpers.getMappingValueStorageSlot
FNDA:0,RocolorTestHelpers.getMappingValueStorageSlot
DA:38,29
DA:41,0
FN:41,RocolorTestHelpers.convertStorageStringToColorNameString
FNDA:0,RocolorTestHelpers.convertStorageStringToColorNameString
DA:46,20
DA:47,20
DA:48,20
BRDA:48,0,0,-
BRDA:48,0,1,20
DA:49,20
DA:50,20
DA:51,207
DA:53,20
DA:56,0
FN:56,RocolorTestHelpers.getColorNameFromStorage
FNDA:0,RocolorTestHelpers.getColorNameFromStorage
DA:62,20
DA:65,20
DA:68,20
DA:71,0
FN:71,RocolorTestHelpers.convertStorageStringToColorOwnerAddress
FNDA:0,RocolorTestHelpers.convertStorageStringToColorOwnerAddress
DA:72,9
DA:73,9
DA:74,9
DA:75,180
DA:81,9
DA:84,0
FN:84,RocolorTestHelpers.getColorOwnerFromStorage
FNDA:0,RocolorTestHelpers.getColorOwnerFromStorage
DA:90,9
DA:93,9
DA:96,9
FNF:5
FNH:0
LF:24
LH:19
BRF:2
BRH:1
end_of_record
